#-----------------------------------------------------------
# Vivado v2020.1 (64-bit)
# SW Build 2902540 on Wed May 27 19:54:49 MDT 2020
# IP Build 2902112 on Wed May 27 22:43:36 MDT 2020
# Start of session at: Tue Apr 19 15:34:55 2022
# Process ID: 10288
# Current directory: D:/Documents/xdovic03/digital-electronics-1/labs/03-vivado/diky_ivko
# Command line: vivado.exe -gui_launcher_event rodinguilauncherevent12024 D:\Documents\xdovic03\digital-electronics-1\labs\03-vivado\diky_ivko\multiplexer.xpr
# Log file: D:/Documents/xdovic03/digital-electronics-1/labs/03-vivado/diky_ivko/vivado.log
# Journal file: D:/Documents/xdovic03/digital-electronics-1/labs/03-vivado/diky_ivko\vivado.jou
#-----------------------------------------------------------
start_gui
open_project D:/Documents/xdovic03/digital-electronics-1/labs/03-vivado/diky_ivko/multiplexer.xpr
INFO: [Project 1-313] Project file moved from 'D:/Documents/xdovic03/03-vivado/multiplexer' since last save.
Scanning sources...
Finished scanning sources
INFO: [IP_Flow 19-234] Refreshing IP repositories
INFO: [IP_Flow 19-1704] No user IP repositories specified
INFO: [IP_Flow 19-2313] Loaded Vivado IP repository 'C:/APPZ/Xilinx/Vivado/2020.1/data/ip'.
open_project: Time (s): cpu = 00:00:12 ; elapsed = 00:00:07 . Memory (MB): peak = 1020.719 ; gain = 0.000
update_compile_order -fileset sources_1
exit
INFO: [Common 17-206] Exiting Vivado at Tue Apr 19 15:41:25 2022...
